2024-03-14 10:57:09,398 [Worker-1: Loading available Gradle versions] INFO  o.e.b.c.i.u.g.PublishedGradleVersions - Gradle version information cache is up-to-date. Trying to read.
2024-03-14 10:58:04,551 [Worker-9: Importing Maven projects] INFO  o.e.m.c.i.l.LifecycleMappingFactory - Using org.eclipse.m2e.jdt.JarLifecycleMapping lifecycle mapping for MavenProject: sia:taco-cloud:0.0.6-SNAPSHOT @ C:\Users\letti\Documents\Spring recources\spring-in-action-6-samples-main\spring-in-action-6-samples-main\ch06\taco-cloud\pom.xml.
2024-03-14 10:58:09,065 [Worker-9: Importing Maven projects] INFO  o.e.m.c.i.e.AbstractTransferListenerAdapter - Downloaded https://repo.spring.io/milestone/org/springframework/boot/spring-boot-configuration-processor/2.5.3/spring-boot-configuration-processor-2.5.3.pom
2024-03-14 10:58:09,310 [Worker-9: Importing Maven projects] INFO  o.e.m.c.i.e.AbstractTransferListenerAdapter - Downloading https://repo.maven.apache.org/maven2/org/springframework/boot/spring-boot-configuration-processor/2.5.3/spring-boot-configuration-processor-2.5.3.pom
2024-03-14 10:58:09,321 [Worker-9: Importing Maven projects] INFO  o.e.m.c.i.e.AbstractTransferListenerAdapter - Downloaded https://repo.maven.apache.org/maven2/org/springframework/boot/spring-boot-configuration-processor/2.5.3/spring-boot-configuration-processor-2.5.3.pom
2024-03-14 10:58:18,225 [Worker-9: Importing Maven projects] INFO  o.e.m.c.i.e.AbstractTransferListenerAdapter - Downloaded https://repo.spring.io/milestone/org/springframework/boot/spring-boot-configuration-processor/2.5.3/spring-boot-configuration-processor-2.5.3.jar
2024-03-14 10:58:18,275 [Worker-9: Importing Maven projects] INFO  o.e.m.c.i.e.AbstractTransferListenerAdapter - Downloading https://repo.maven.apache.org/maven2/org/springframework/boot/spring-boot-configuration-processor/2.5.3/spring-boot-configuration-processor-2.5.3.jar
2024-03-14 10:58:18,324 [Worker-9: Importing Maven projects] INFO  o.e.m.c.i.e.AbstractTransferListenerAdapter - Downloaded https://repo.maven.apache.org/maven2/org/springframework/boot/spring-boot-configuration-processor/2.5.3/spring-boot-configuration-processor-2.5.3.jar
2024-03-14 10:58:24,020 [Worker-1: Download sources and javadoc] INFO  o.e.m.c.i.e.AbstractTransferListenerAdapter - Downloaded https://repo.spring.io/milestone/org/springframework/boot/spring-boot-configuration-processor/2.5.3/spring-boot-configuration-processor-2.5.3-sources.jar
2024-03-14 10:58:24,118 [Worker-1: Download sources and javadoc] INFO  o.e.m.c.i.e.AbstractTransferListenerAdapter - Downloading https://repo.maven.apache.org/maven2/org/springframework/boot/spring-boot-configuration-processor/2.5.3/spring-boot-configuration-processor-2.5.3-sources.jar
2024-03-14 10:58:24,155 [Worker-1: Download sources and javadoc] INFO  o.e.m.c.i.e.AbstractTransferListenerAdapter - Downloaded https://repo.maven.apache.org/maven2/org/springframework/boot/spring-boot-configuration-processor/2.5.3/spring-boot-configuration-processor-2.5.3-sources.jar
2024-03-14 10:58:24,159 [Worker-1: Download sources and javadoc] INFO  o.e.m.j.internal.DownloadSourcesJob - Downloaded sources for org.springframework.boot:spring-boot-configuration-processor:2.5.3
2024-03-14 10:58:28,768 [Worker-9: Importing Maven projects] INFO  o.e.m.j.i.AbstractJavaProjectConfigurator - Adding source folder /taco-cloud/src/main/java
2024-03-14 10:58:28,770 [Worker-9: Importing Maven projects] INFO  o.e.m.j.i.AbstractJavaProjectConfigurator - Adding resource folder /taco-cloud/src/main/resources
2024-03-14 10:58:28,780 [Worker-9: Importing Maven projects] INFO  o.e.m.j.i.AbstractJavaProjectConfigurator - Adding resource folder /taco-cloud/src/main/resources
2024-03-14 10:58:28,794 [Worker-9: Importing Maven projects] INFO  o.e.m.j.i.AbstractJavaProjectConfigurator - Adding source folder /taco-cloud/src/test/java
2024-03-14 10:58:28,794 [Worker-9: Importing Maven projects] INFO  o.e.m.j.i.AbstractJavaProjectConfigurator - Adding resource folder /taco-cloud/src/test/resources
2024-03-14 10:58:49,538 [Worker-9: Importing Maven projects] INFO  o.e.m.c.i.p.ProjectConfigurationManager - Imported and configured 1 project(s) in 58 sec
2024-03-14 10:58:59,161 [Worker-8: Building] INFO  o.e.m.c.i.embedder.EclipseLogger - Using 'UTF-8' encoding to copy filtered resources.
2024-03-14 10:58:59,161 [Worker-8: Building] INFO  o.e.m.c.i.embedder.EclipseLogger - Using 'UTF-8' encoding to copy filtered properties files.
2024-03-14 10:58:59,371 [Worker-8: Building] INFO  o.e.m.c.i.embedder.EclipseLogger - Copying 1 resource
2024-03-14 10:58:59,477 [Worker-8: Building] INFO  o.e.m.c.i.embedder.EclipseLogger - Copying 10 resources
2024-03-14 10:59:01,157 [Worker-8: Building] INFO  o.e.m.c.i.embedder.EclipseLogger - Using 'UTF-8' encoding to copy filtered resources.
2024-03-14 10:59:01,158 [Worker-8: Building] INFO  o.e.m.c.i.embedder.EclipseLogger - Using 'UTF-8' encoding to copy filtered properties files.
2024-03-14 10:59:01,158 [Worker-8: Building] INFO  o.e.m.c.i.embedder.EclipseLogger - skip non existing resourceDirectory C:\Users\letti\Documents\Spring recources\spring-in-action-6-samples-main\spring-in-action-6-samples-main\ch06\taco-cloud\src\test\resources
